Artifex Ghostscript 8.60 (2007-08-01)
Copyright (C) 2007 Artifex Software, Inc.  All rights reserved.
This software comes with NO WARRANTY: see the file PUBLIC for details.
peelstring status: true: '% Copyright'
Loading NimbusMonL-Regu font from %rom%lib/n022003l.pfb... 2535792 1187325 1871424 582245 1 done.
%%[ ProductName: Artifex Ghostscript ]%%
%%[Page: 1]%%
%%[Page: 2]%%
%%[Page: 3]%%
%%[Page: 4]%%
%%[Page: 5]%%
%%[Page: 6]%%
%%[Page: 7]%%
%%[Page: 8]%%
%%[Page: 9]%%
%%[Page: 10]%%
%%[Page: 11]%%
%%[Page: 12]%%
%%[Page: 13]%%
%%[Page: 14]%%
%%[Page: 15]%%
%%[Page: 16]%%
%%[Page: 17]%%
%%[Page: 18]%%
%%[Page: 19]%%
%%[Page: 20]%%
%%[Page: 21]%%
%%[Page: 22]%%
%%[Page: 23]%%
%%[Page: 24]%%
%%[Page: 25]%%
%%[Page: 26]%%
%%[Page: 27]%%
%%[Page: 28]%%
%%[Page: 29]%%
%%[Page: 30]%%
%%[Page: 31]%%
%%[Page: 32]%%
%%[Page: 33]%%
%%[Page: 34]%%
%%[Page: 35]%%
%%[Page: 36]%%
%%[Page: 37]%%
%%[Page: 38]%%
%%[Page: 39]%%
%%[Page: 40]%%
%%[Page: 41]%%
%%[Page: 42]%%
%%[Page: 43]%%
%%[Page: 44]%%
%%[Page: 45]%%
%%[Page: 46]%%
%%[Page: 47]%%
%%[Page: 48]%%
%%[Page: 49]%%
%%[Page: 50]%%
%%[Page: 51]%%
%%[Page: 52]%%
%%[Page: 53]%%
%%[Page: 54]%%
%%[Page: 55]%%
%%[Page: 56]%%
%%[Page: 57]%%
%%[Page: 58]%%
%%[Page: 59]%%
%%[Page: 60]%%
%%[Page: 61]%%
%%[Page: 62]%%
%%[LastPage]%%
 ps2pdf -sDEVICE=pdfwrite -dNOPAUSE -dNOSAFER -dPDFSETTINGS=/prepress -dCompatibilityLevel=1.5
 -sstdout=C:\Documents and Settings\All Users\Application Data\tmp1028.log -sOutputFile=C:\Documents and Settings\All Users\Application Data\tmp1028.tmp -c .setpdfwrite <</NeverEmbed [false .standardfonts aload pop]>>
 setdistillerparams -f
